This is pdfTeX, Version 3.1415926-2.5-1.40.14 (TeX Live 2013/Debian) (format=pdflatex 2015.9.15)  11 NOV 2015 13:44
entering extended mode
 \write18 enabled.
 file:line:error style messages enabled.
 %&-line parsing enabled.
**\input book_1_template.tex
(./book_1_template.tex (./tufte-book.cls
Document Class: tufte-book 2009/12/11 v3.5.0 Tufte-book class
(./tufte-common.def
File: tufte-common.def 2009/12/11 v3.5.0 Common code for the Tufte-LaTeX styles


(/usr/share/texlive/texmf-dist/tex/latex/xkeyval/xkeyval.sty
Package: xkeyval 2012/10/14 v2.6b package option processing (HA)

(/usr/share/texlive/texmf-dist/tex/generic/xkeyval/xkeyval.tex
\XKV@toks=\toks14
\XKV@tempa@toks=\toks15
\XKV@depth=\count79
File: xkeyval.tex 2012/10/14 v2.6b key=value parser (HA)

(/usr/share/texlive/texmf-dist/tex/generic/xkeyval/keyval.tex)))
(/usr/share/texlive/texmf-dist/tex/latex/xifthen/xifthen.sty
Package: xifthen 2009/04/17 v1.3 Extended ifthen features

(/usr/share/texlive/texmf-dist/tex/latex/etex-pkg/etex.sty
Package: etex 1998/03/26 v2.0 eTeX basic definition package (PEB)
\et@xins=\count80
)
(/usr/share/texlive/texmf-dist/tex/latex/tools/calc.sty
Package: calc 2007/08/22 v4.3 Infix arithmetic (KKT,FJ)
\calc@Acount=\count81
\calc@Bcount=\count82
\calc@Adimen=\dimen102
\calc@Bdimen=\dimen103
\calc@Askip=\skip41
\calc@Bskip=\skip42
LaTeX Info: Redefining \setlength on input line 76.
LaTeX Info: Redefining \addtolength on input line 77.
\calc@Ccount=\count83
\calc@Cskip=\skip43
)
(/usr/share/texlive/texmf-dist/tex/latex/base/ifthen.sty
Package: ifthen 2001/05/26 v1.1c Standard LaTeX ifthen package (DPC)
)
(/usr/share/texlive/texmf-dist/tex/latex/ifmtarg/ifmtarg.sty
Package: ifmtarg 2009/09/02 v1.2a check for an empty argument
))
Class tufte-book Info: Loading the base class `book'.

(/usr/share/texlive/texmf-dist/tex/latex/base/book.cls
Document Class: book 2007/10/19 v1.4h Standard LaTeX document class
(/usr/share/texlive/texmf-dist/tex/latex/base/bk10.clo
File: bk10.clo 2007/10/19 v1.4h Standard LaTeX file (size option)
)
\c@part=\count84
\c@chapter=\count85
\c@section=\count86
\c@subsection=\count87
\c@subsubsection=\count88
\c@paragraph=\count89
\c@subparagraph=\count90
\c@figure=\count91
\c@table=\count92
\abovecaptionskip=\skip44
\belowcaptionskip=\skip45
\bibindent=\dimen104
)
(/usr/share/texlive/texmf-dist/tex/generic/oberdiek/ifpdf.sty
Package: ifpdf 2011/01/30 v2.3 Provides the ifpdf switch (HO)
Package ifpdf Info: pdfTeX in PDF mode is detected.
)
(/usr/share/texlive/texmf-dist/tex/generic/ifxetex/ifxetex.sty
Package: ifxetex 2010/09/12 v0.6 Provides ifxetex conditional
)
(/usr/share/texlive/texmf-dist/tex/latex/titlesec/titlesec.sty
Package: titlesec 2011/12/15 v2.10.0 Sectioning titles
\ttl@box=\box26
\beforetitleunit=\skip46
\aftertitleunit=\skip47
\ttl@plus=\dimen105
\ttl@minus=\dimen106
\ttl@toksa=\toks16
\titlewidth=\dimen107
\titlewidthlast=\dimen108
\titlewidthfirst=\dimen109
)
(/usr/share/texlive/texmf-dist/tex/latex/titlesec/titletoc.sty
Package: titletoc 2011/12/15 v1.6 TOC entries
\ttl@leftsep=\dimen110
)
(/usr/share/texlive/texmf-dist/tex/latex/hyperref/hyperref.sty
Package: hyperref 2012/11/06 v6.83m Hypertext links for LaTeX

(/usr/share/texlive/texmf-dist/tex/generic/oberdiek/hobsub-hyperref.sty
Package: hobsub-hyperref 2012/05/28 v1.13 Bundle oberdiek, subset hyperref (HO)


(/usr/share/texlive/texmf-dist/tex/generic/oberdiek/hobsub-generic.sty
Package: hobsub-generic 2012/05/28 v1.13 Bundle oberdiek, subset generic (HO)
Package: hobsub 2012/05/28 v1.13 Construct package bundles (HO)
Package: infwarerr 2010/04/08 v1.3 Providing info/warning/error messages (HO)
Package: ltxcmds 2011/11/09 v1.22 LaTeX kernel commands for general use (HO)
Package: ifluatex 2010/03/01 v1.3 Provides the ifluatex switch (HO)
Package ifluatex Info: LuaTeX not detected.
Package: ifvtex 2010/03/01 v1.5 Detect VTeX and its facilities (HO)
Package ifvtex Info: VTeX not detected.
Package: intcalc 2007/09/27 v1.1 Expandable calculations with integers (HO)
Package hobsub Info: Skipping package `ifpdf' (already loaded).
Package: etexcmds 2011/02/16 v1.5 Avoid name clashes with e-TeX commands (HO)
Package etexcmds Info: Could not find \expanded.
(etexcmds)             That can mean that you are not using pdfTeX 1.50 or
(etexcmds)             that some package has redefined \expanded.
(etexcmds)             In the latter case, load this package earlier.
Package: kvsetkeys 2012/04/25 v1.16 Key value parser (HO)
Package: kvdefinekeys 2011/04/07 v1.3 Define keys (HO)
Package: pdftexcmds 2011/11/29 v0.20 Utility functions of pdfTeX for LuaTeX (HO
)
Package pdftexcmds Info: LuaTeX not detected.
Package pdftexcmds Info: \pdf@primitive is available.
Package pdftexcmds Info: \pdf@ifprimitive is available.
Package pdftexcmds Info: \pdfdraftmode found.
Package: pdfescape 2011/11/25 v1.13 Implements pdfTeX's escape features (HO)
Package: bigintcalc 2012/04/08 v1.3 Expandable calculations on big integers (HO
)
Package: bitset 2011/01/30 v1.1 Handle bit-vector datatype (HO)
Package: uniquecounter 2011/01/30 v1.2 Provide unlimited unique counter (HO)
)
Package hobsub Info: Skipping package `hobsub' (already loaded).
Package: letltxmacro 2010/09/02 v1.4 Let assignment for LaTeX macros (HO)
Package: hopatch 2012/05/28 v1.2 Wrapper for package hooks (HO)
Package: xcolor-patch 2011/01/30 xcolor patch
Package: atveryend 2011/06/30 v1.8 Hooks at the very end of document (HO)
Package atveryend Info: \enddocument detected (standard20110627).
Package: atbegshi 2011/10/05 v1.16 At begin shipout hook (HO)
Package: refcount 2011/10/16 v3.4 Data extraction from label references (HO)
Package: hycolor 2011/01/30 v1.7 Color options for hyperref/bookmark (HO)
)
(/usr/share/texlive/texmf-dist/tex/latex/oberdiek/auxhook.sty
Package: auxhook 2011/03/04 v1.3 Hooks for auxiliary files (HO)
)
(/usr/share/texlive/texmf-dist/tex/latex/oberdiek/kvoptions.sty
Package: kvoptions 2011/06/30 v3.11 Key value format for package options (HO)
)
\@linkdim=\dimen111
\Hy@linkcounter=\count93
\Hy@pagecounter=\count94

(/usr/share/texlive/texmf-dist/tex/latex/hyperref/pd1enc.def
File: pd1enc.def 2012/11/06 v6.83m Hyperref: PDFDocEncoding definition (HO)
)
\Hy@SavedSpaceFactor=\count95

(/usr/share/texlive/texmf-dist/tex/latex/latexconfig/hyperref.cfg
File: hyperref.cfg 2002/06/06 v1.2 hyperref configuration of TeXLive
)
Package hyperref Info: Option `unicode' set `true' on input line 4319.

(/usr/share/texlive/texmf-dist/tex/latex/hyperref/puenc.def
File: puenc.def 2012/11/06 v6.83m Hyperref: PDF Unicode definition (HO)
)
Package hyperref Info: Option `hyperfootnotes' set `false' on input line 4319.
Package hyperref Info: Hyper figures OFF on input line 4443.
Package hyperref Info: Link nesting OFF on input line 4448.
Package hyperref Info: Hyper index ON on input line 4451.
Package hyperref Info: Plain pages OFF on input line 4458.
Package hyperref Info: Backreferencing OFF on input line 4463.
Package hyperref Info: Implicit mode ON; LaTeX internals redefined.
Package hyperref Info: Bookmarks ON on input line 4688.
\c@Hy@tempcnt=\count96

(/usr/share/texlive/texmf-dist/tex/latex/url/url.sty
\Urlmuskip=\muskip10
Package: url 2013/09/16  ver 3.4  Verb mode for urls, etc.
)
LaTeX Info: Redefining \url on input line 5041.
\XeTeXLinkMargin=\dimen112
\Fld@menulength=\count97
\Field@Width=\dimen113
\Fld@charsize=\dimen114
Package hyperref Info: Hyper figures OFF on input line 6295.
Package hyperref Info: Link nesting OFF on input line 6300.
Package hyperref Info: Hyper index ON on input line 6303.
Package hyperref Info: backreferencing OFF on input line 6310.
Package hyperref Info: Link coloring OFF on input line 6315.
Package hyperref Info: Link coloring with OCG OFF on input line 6320.
Package hyperref Info: PDF/A mode OFF on input line 6325.
LaTeX Info: Redefining \ref on input line 6365.
LaTeX Info: Redefining \pageref on input line 6369.
\Hy@abspage=\count98
\c@Item=\count99
)

Package hyperref Message: Driver (autodetected): hpdftex.

(/usr/share/texlive/texmf-dist/tex/latex/hyperref/hpdftex.def
File: hpdftex.def 2012/11/06 v6.83m Hyperref driver for pdfTeX
\Fld@listcount=\count100
\c@bookmark@seq@number=\count101

(/usr/share/texlive/texmf-dist/tex/latex/oberdiek/rerunfilecheck.sty
Package: rerunfilecheck 2011/04/15 v1.7 Rerun checks for auxiliary files (HO)
Package uniquecounter Info: New unique counter `rerunfilecheck' on input line 2
82.
)
\Hy@SectionHShift=\skip48
)

Package hyperref Warning: Option `pagecolor' is not available anymore.

(/usr/share/texlive/texmf-dist/tex/latex/ms/ragged2e.sty
Package: ragged2e 2009/05/21 v2.1 ragged2e Package (MS)

(/usr/share/texlive/texmf-dist/tex/latex/ms/everysel.sty
Package: everysel 2011/10/28 v1.2 EverySelectfont Package (MS)
)
\CenteringLeftskip=\skip49
\RaggedLeftLeftskip=\skip50
\RaggedRightLeftskip=\skip51
\CenteringRightskip=\skip52
\RaggedLeftRightskip=\skip53
\RaggedRightRightskip=\skip54
\CenteringParfillskip=\skip55
\RaggedLeftParfillskip=\skip56
\RaggedRightParfillskip=\skip57
\JustifyingParfillskip=\skip58
\CenteringParindent=\skip59
\RaggedLeftParindent=\skip60
\RaggedRightParindent=\skip61
\JustifyingParindent=\skip62
)
(/usr/share/texlive/texmf-dist/tex/latex/geometry/geometry.sty
Package: geometry 2010/09/12 v5.6 Page Geometry
\Gm@cnth=\count102
\Gm@cntv=\count103
\c@Gm@tempcnt=\count104
\Gm@bindingoffset=\dimen115
\Gm@wd@mp=\dimen116
\Gm@odd@mp=\dimen117
\Gm@even@mp=\dimen118
\Gm@layoutwidth=\dimen119
\Gm@layoutheight=\dimen120
\Gm@layouthoffset=\dimen121
\Gm@layoutvoffset=\dimen122
\Gm@dimlist=\toks17
)
(/usr/share/texlive/texmf-dist/tex/latex/changepage/changepage.sty
Package: changepage 2009/10/20 v1.0c check page and change page layout
\c@cp@cntr=\count105
\cp@tempcnt=\count106
)
\@tufte@overhang=\skip63
\@tufte@fullwidth=\skip64
\@tufte@caption@fill=\skip65

(/usr/share/texlive/texmf-dist/tex/latex/paralist/paralist.sty
Package: paralist 2013/06/09 v2.4 Extended list environments
\pltopsep=\skip66
\plpartopsep=\skip67
\plitemsep=\skip68
\plparsep=\skip69
\pl@lab=\toks18
)
(/usr/share/texlive/texmf-dist/tex/latex/textcase/textcase.sty
Package: textcase 2004/10/07 v0.07 Text only upper/lower case changing (DPC)
)
(/usr/share/texlive/texmf-dist/tex/latex/microtype/letterspace.sty
Package: letterspace 2013/05/23 v2.5a Robust letterspacing (RS)
LaTeX Info: Redefining \lsstyle on input line 307.
LaTeX Info: Redefining \lslig on input line 308.
LaTeX Info: Redefining \textls on input line 333.
\MT@outer@kern=\dimen123
)
(/usr/share/texlive/texmf-dist/tex/latex/setspace/setspace.sty
Package: setspace 2011/12/19 v6.7a set line spacing
)
(/usr/share/texlive/texmf-dist/tex/latex/natbib/natbib.sty
Package: natbib 2010/09/13 8.31b (PWD, AO)
\bibhang=\skip70
\bibsep=\skip71
LaTeX Info: Redefining \cite on input line 694.
\c@NAT@ctr=\count107
)
(/usr/share/texlive/texmf-dist/tex/latex/natbib/bibentry.sty
Package: bibentry 2007/10/30 1.5 (PWD)
)
(./book_1_template.bbl)
\c@@tufte@num@bibkeys=\count108

(/usr/share/texlive/texmf-dist/tex/latex/sauerj/optparams.sty
Package: optparams 2004/08/14 v0.9 multiple optional parameters in macros
)
\@tufte@sidenote@vertical@offset=\skip72

(/usr/share/texlive/texmf-dist/tex/latex/placeins/placeins.sty
Package: placeins 2005/04/18  v 2.2
)
\@tufte@margin@floatbox=\box27
\@tufte@figure@box=\box28
\@tufte@caption@box=\box29
\@tufte@caption@vertical@offset=\skip73
\@tufte@float@contents@width=\skip74

(/usr/share/texlive/texmf-dist/tex/latex/psnfss/mathpazo.sty
Package: mathpazo 2005/04/12 PSNFSS-v9.2a Palatino w/ Pazo Math (D.Puga, WaS) 
\symupright=\mathgroup4
)
(/usr/share/texlive/texmf-dist/tex/latex/psnfss/helvet.sty
Package: helvet 2005/04/12 PSNFSS-v9.2a (WaS) 
)
(/usr/share/texlive/texmf-dist/tex/latex/base/fontenc.sty
Package: fontenc 2005/09/27 v1.99g Standard LaTeX package

(/usr/share/texlive/texmf-dist/tex/latex/base/t1enc.def
File: t1enc.def 2005/09/27 v1.99g Standard LaTeX file
LaTeX Font Info:    Redeclaring font encoding T1 on input line 43.
))
(/usr/share/texlive/texmf-dist/tex/latex/base/textcomp.sty
Package: textcomp 2005/09/27 v1.99g Standard LaTeX package
Package textcomp Info: Sub-encoding information:
(textcomp)               5 = only ISO-Adobe without \textcurrency
(textcomp)               4 = 5 + \texteuro
(textcomp)               3 = 4 + \textohm
(textcomp)               2 = 3 + \textestimated + \textcurrency
(textcomp)               1 = TS1 - \textcircled - \t
(textcomp)               0 = TS1 (full)
(textcomp)             Font families with sub-encoding setting implement
(textcomp)             only a restricted character set as indicated.
(textcomp)             Family '?' is the default used for unknown fonts.
(textcomp)             See the documentation for details.
Package textcomp Info: Setting ? sub-encoding to TS1/1 on input line 71.

(/usr/share/texlive/texmf-dist/tex/latex/base/ts1enc.def
File: ts1enc.def 2001/06/05 v3.0e (jk/car/fm) Standard LaTeX file
)
LaTeX Info: Redefining \oldstylenums on input line 266.
Package textcomp Info: Setting cmr sub-encoding to TS1/0 on input line 281.
Package textcomp Info: Setting cmss sub-encoding to TS1/0 on input line 282.
Package textcomp Info: Setting cmtt sub-encoding to TS1/0 on input line 283.
Package textcomp Info: Setting cmvtt sub-encoding to TS1/0 on input line 284.
Package textcomp Info: Setting cmbr sub-encoding to TS1/0 on input line 285.
Package textcomp Info: Setting cmtl sub-encoding to TS1/0 on input line 286.
Package textcomp Info: Setting ccr sub-encoding to TS1/0 on input line 287.
Package textcomp Info: Setting ptm sub-encoding to TS1/4 on input line 288.
Package textcomp Info: Setting pcr sub-encoding to TS1/4 on input line 289.
Package textcomp Info: Setting phv sub-encoding to TS1/4 on input line 290.
Package textcomp Info: Setting ppl sub-encoding to TS1/3 on input line 291.
Package textcomp Info: Setting pag sub-encoding to TS1/4 on input line 292.
Package textcomp Info: Setting pbk sub-encoding to TS1/4 on input line 293.
Package textcomp Info: Setting pnc sub-encoding to TS1/4 on input line 294.
Package textcomp Info: Setting pzc sub-encoding to TS1/4 on input line 295.
Package textcomp Info: Setting bch sub-encoding to TS1/4 on input line 296.
Package textcomp Info: Setting put sub-encoding to TS1/5 on input line 297.
Package textcomp Info: Setting uag sub-encoding to TS1/5 on input line 298.
Package textcomp Info: Setting ugq sub-encoding to TS1/5 on input line 299.
Package textcomp Info: Setting ul8 sub-encoding to TS1/4 on input line 300.
Package textcomp Info: Setting ul9 sub-encoding to TS1/4 on input line 301.
Package textcomp Info: Setting augie sub-encoding to TS1/5 on input line 302.
Package textcomp Info: Setting dayrom sub-encoding to TS1/3 on input line 303.
Package textcomp Info: Setting dayroms sub-encoding to TS1/3 on input line 304.

Package textcomp Info: Setting pxr sub-encoding to TS1/0 on input line 305.
Package textcomp Info: Setting pxss sub-encoding to TS1/0 on input line 306.
Package textcomp Info: Setting pxtt sub-encoding to TS1/0 on input line 307.
Package textcomp Info: Setting txr sub-encoding to TS1/0 on input line 308.
Package textcomp Info: Setting txss sub-encoding to TS1/0 on input line 309.
Package textcomp Info: Setting txtt sub-encoding to TS1/0 on input line 310.
Package textcomp Info: Setting lmr sub-encoding to TS1/0 on input line 311.
Package textcomp Info: Setting lmdh sub-encoding to TS1/0 on input line 312.
Package textcomp Info: Setting lmss sub-encoding to TS1/0 on input line 313.
Package textcomp Info: Setting lmssq sub-encoding to TS1/0 on input line 314.
Package textcomp Info: Setting lmvtt sub-encoding to TS1/0 on input line 315.
Package textcomp Info: Setting qhv sub-encoding to TS1/0 on input line 316.
Package textcomp Info: Setting qag sub-encoding to TS1/0 on input line 317.
Package textcomp Info: Setting qbk sub-encoding to TS1/0 on input line 318.
Package textcomp Info: Setting qcr sub-encoding to TS1/0 on input line 319.
Package textcomp Info: Setting qcs sub-encoding to TS1/0 on input line 320.
Package textcomp Info: Setting qpl sub-encoding to TS1/0 on input line 321.
Package textcomp Info: Setting qtm sub-encoding to TS1/0 on input line 322.
Package textcomp Info: Setting qzc sub-encoding to TS1/0 on input line 323.
Package textcomp Info: Setting qhvc sub-encoding to TS1/0 on input line 324.
Package textcomp Info: Setting futs sub-encoding to TS1/4 on input line 325.
Package textcomp Info: Setting futx sub-encoding to TS1/4 on input line 326.
Package textcomp Info: Setting futj sub-encoding to TS1/4 on input line 327.
Package textcomp Info: Setting hlh sub-encoding to TS1/3 on input line 328.
Package textcomp Info: Setting hls sub-encoding to TS1/3 on input line 329.
Package textcomp Info: Setting hlst sub-encoding to TS1/3 on input line 330.
Package textcomp Info: Setting hlct sub-encoding to TS1/5 on input line 331.
Package textcomp Info: Setting hlx sub-encoding to TS1/5 on input line 332.
Package textcomp Info: Setting hlce sub-encoding to TS1/5 on input line 333.
Package textcomp Info: Setting hlcn sub-encoding to TS1/5 on input line 334.
Package textcomp Info: Setting hlcw sub-encoding to TS1/5 on input line 335.
Package textcomp Info: Setting hlcf sub-encoding to TS1/5 on input line 336.
Package textcomp Info: Setting pplx sub-encoding to TS1/3 on input line 337.
Package textcomp Info: Setting pplj sub-encoding to TS1/3 on input line 338.
Package textcomp Info: Setting ptmx sub-encoding to TS1/4 on input line 339.
Package textcomp Info: Setting ptmj sub-encoding to TS1/4 on input line 340.
)
(/usr/share/texlive/texmf-dist/tex/latex/fancyhdr/fancyhdr.sty
\fancy@headwidth=\skip75
\f@ncyO@elh=\skip76
\f@ncyO@erh=\skip77
\f@ncyO@olh=\skip78
\f@ncyO@orh=\skip79
\f@ncyO@elf=\skip80
\f@ncyO@erf=\skip81
\f@ncyO@olf=\skip82
\f@ncyO@orf=\skip83
)
(/usr/share/texmf/tex/latex/xcolor/xcolor.sty
Package: xcolor 2007/01/21 v2.11 LaTeX color extensions (UK)

(/usr/share/texlive/texmf-dist/tex/latex/latexconfig/color.cfg
File: color.cfg 2007/01/18 v1.5 color configuration of teTeX/TeXLive
)
Package xcolor Info: Package option `usenames' ignored on input line 216.
Package xcolor Info: Driver file: pdftex.def on input line 225.

(/usr/share/texlive/texmf-dist/tex/latex/pdftex-def/pdftex.def
File: pdftex.def 2011/05/27 v0.06d Graphics/color for pdfTeX
\Gread@gobject=\count109
)
Package xcolor Info: Model `cmy' substituted by `cmy0' on input line 1337.
Package xcolor Info: Model `hsb' substituted by `rgb' on input line 1341.
Package xcolor Info: Model `RGB' extended on input line 1353.
Package xcolor Info: Model `HTML' substituted by `rgb' on input line 1355.
Package xcolor Info: Model `Hsb' substituted by `hsb' on input line 1356.
Package xcolor Info: Model `tHsb' substituted by `hsb' on input line 1357.
Package xcolor Info: Model `HSB' substituted by `hsb' on input line 1358.
Package xcolor Info: Model `Gray' substituted by `gray' on input line 1359.
Package xcolor Info: Model `wave' substituted by `hsb' on input line 1360.

(/usr/share/texlive/texmf-dist/tex/latex/graphics/dvipsnam.def
File: dvipsnam.def 1999/02/16 v3.0i Driver-dependant file (DPC,SPQR)
)
(/usr/share/texmf/tex/latex/xcolor/svgnam.def
File: svgnam.def 2007/01/21 v2.11 Predefined colors according to SVG 1.1 (UK)
))
\langwohyphens=\language3

(/usr/share/texlive/texmf-dist/tex/latex/tools/multicol.sty
Package: multicol 2011/06/27 v1.7a multicolumn formatting (FMi)
\c@tracingmulticols=\count110
\mult@box=\box30
\multicol@leftmargin=\dimen124
\c@unbalance=\count111
\c@collectmore=\count112
\doublecol@number=\count113
\multicoltolerance=\count114
\multicolpretolerance=\count115
\full@width=\dimen125
\page@free=\dimen126
\premulticols=\dimen127
\postmulticols=\dimen128
\multicolsep=\skip84
\multicolbaselineskip=\skip85
\partial@page=\box31
\last@line=\box32
\mult@rightbox=\box33
\mult@grightbox=\box34
\mult@gfirstbox=\box35
\mult@firstbox=\box36
\@tempa=\box37
\@tempa=\box38
\@tempa=\box39
\@tempa=\box40
\@tempa=\box41
\@tempa=\box42
\@tempa=\box43
\@tempa=\box44
\@tempa=\box45
\@tempa=\box46
\@tempa=\box47
\@tempa=\box48
\@tempa=\box49
\@tempa=\box50
\@tempa=\box51
\@tempa=\box52
\@tempa=\box53
\c@columnbadness=\count116
\c@finalcolumnbadness=\count117
\last@try=\dimen129
\multicolovershoot=\dimen130
\multicolundershoot=\dimen131
\mult@nat@firstbox=\box54
\colbreak@box=\box55
\multicol@sort@counter=\count118
)))
Package hyperref Info: Option `colorlinks' set `true' on input line 25.

(/usr/share/texlive/texmf-dist/tex/latex/microtype/microtype.sty
Package: microtype 2013/05/23 v2.5a Micro-typographical refinements (RS)
\MT@toks=\toks19
\MT@count=\count119
LaTeX Info: Redefining \textls on input line 766.
\MT@outer@kern=\dimen132
LaTeX Info: Redefining \textmicrotypecontext on input line 1285.
\MT@listname@count=\count120

(/usr/share/texlive/texmf-dist/tex/latex/microtype/microtype-pdftex.def
File: microtype-pdftex.def 2013/05/23 v2.5a Definitions specific to pdftex (RS)

LaTeX Info: Redefining \lsstyle on input line 915.
LaTeX Info: Redefining \lslig on input line 915.
\MT@outer@space=\skip86
)
Package microtype Info: Loading configuration file microtype.cfg.

(/usr/share/texlive/texmf-dist/tex/latex/microtype/microtype.cfg
File: microtype.cfg 2013/05/23 v2.5a microtype main configuration file (RS)
))
(/usr/share/texlive/texmf-dist/tex/latex/listings/listings.sty
\lst@mode=\count121
\lst@gtempboxa=\box56
\lst@token=\toks20
\lst@length=\count122
\lst@currlwidth=\dimen133
\lst@column=\count123
\lst@pos=\count124
\lst@lostspace=\dimen134
\lst@width=\dimen135
\lst@newlines=\count125
\lst@lineno=\count126
\lst@maxwidth=\dimen136

(/usr/share/texlive/texmf-dist/tex/latex/listings/lstmisc.sty
File: lstmisc.sty 2013/08/26 1.5b (Carsten Heinz)
\c@lstnumber=\count127
\lst@skipnumbers=\count128
\lst@framebox=\box57
)
(/usr/share/texlive/texmf-dist/tex/latex/listings/listings.cfg
File: listings.cfg 2013/08/26 1.5b listings configuration
))
Package: listings 2013/08/26 1.5b (Carsten Heinz)

(/usr/share/texlive/texmf-dist/tex/latex/lipsum/lipsum.sty
Package: lipsum 2011/04/14 v1.2 150 paragraphs of Lorem Ipsum dummy text
\c@lips@count=\count129
)
(/usr/share/texlive/texmf-dist/tex/latex/amsmath/amsmath.sty
Package: amsmath 2013/01/14 v2.14 AMS math features
\@mathmargin=\skip87

For additional information on amsmath, use the `?' option.
(/usr/share/texlive/texmf-dist/tex/latex/amsmath/amstext.sty
Package: amstext 2000/06/29 v2.01

(/usr/share/texlive/texmf-dist/tex/latex/amsmath/amsgen.sty
File: amsgen.sty 1999/11/30 v2.0
\@emptytoks=\toks21
\ex@=\dimen137
))
(/usr/share/texlive/texmf-dist/tex/latex/amsmath/amsbsy.sty
Package: amsbsy 1999/11/29 v1.2d
\pmbraise@=\dimen138
)
(/usr/share/texlive/texmf-dist/tex/latex/amsmath/amsopn.sty
Package: amsopn 1999/12/14 v2.01 operator names
)
\inf@bad=\count130
LaTeX Info: Redefining \frac on input line 210.
\uproot@=\count131
\leftroot@=\count132
LaTeX Info: Redefining \overline on input line 306.
\classnum@=\count133
\DOTSCASE@=\count134
LaTeX Info: Redefining \ldots on input line 378.
LaTeX Info: Redefining \dots on input line 381.
LaTeX Info: Redefining \cdots on input line 466.
\Mathstrutbox@=\box58
\strutbox@=\box59
\big@size=\dimen139
LaTeX Font Info:    Redeclaring font encoding OML on input line 566.
LaTeX Font Info:    Redeclaring font encoding OMS on input line 567.
\macc@depth=\count135
\c@MaxMatrixCols=\count136
\dotsspace@=\muskip11
\c@parentequation=\count137
\dspbrk@lvl=\count138
\tag@help=\toks22
\row@=\count139
\column@=\count140
\maxfields@=\count141
\andhelp@=\toks23
\eqnshift@=\dimen140
\alignsep@=\dimen141
\tagshift@=\dimen142
\tagwidth@=\dimen143
\totwidth@=\dimen144
\lineht@=\dimen145
\@envbody=\toks24
\multlinegap=\skip88
\multlinetaggap=\skip89
\mathdisplay@stack=\toks25
LaTeX Info: Redefining \[ on input line 2665.
LaTeX Info: Redefining \] on input line 2666.
)
(/usr/share/texlive/texmf-dist/tex/latex/booktabs/booktabs.sty
Package: booktabs 2005/04/14 v1.61803 publication quality tables
\heavyrulewidth=\dimen146
\lightrulewidth=\dimen147
\cmidrulewidth=\dimen148
\belowrulesep=\dimen149
\belowbottomsep=\dimen150
\aboverulesep=\dimen151
\abovetopsep=\dimen152
\cmidrulesep=\dimen153
\cmidrulekern=\dimen154
\defaultaddspace=\dimen155
\@cmidla=\count142
\@cmidlb=\count143
\@aboverulesep=\dimen156
\@belowrulesep=\dimen157
\@thisruleclass=\count144
\@lastruleclass=\count145
\@thisrulewidth=\dimen158
)
(/usr/share/texlive/texmf-dist/tex/latex/minted/minted.sty
Package: minted 2011/09/17 v1.7 Yet another Pygments shim for LaTeX

(/usr/share/texlive/texmf-dist/tex/latex/fancyvrb/fancyvrb.sty
Package: fancyvrb 2008/02/07

Style option: `fancyvrb' v2.7a, with DG/SPQR fixes, and firstline=lastline fix 
<2008/02/07> (tvz)
\FV@CodeLineNo=\count146
\FV@InFile=\read1
\FV@TabBox=\box60
\c@FancyVerbLine=\count147
\FV@StepNumber=\count148
\FV@OutFile=\write3
) (/usr/share/texlive/texmf-dist/tex/latex/float/float.sty
Package: float 2001/11/08 v1.3d Float enhancements (AL)
\c@float@type=\count149
\float@exts=\toks26
\float@box=\box61
\@float@everytoks=\toks27
\@floatcapt=\box62
)
(/usr/share/texlive/texmf-dist/tex/latex/ifplatform/ifplatform.sty
Package: ifplatform 2010/10/22 v0.4 Testing for the operating system

(/usr/share/texlive/texmf-dist/tex/generic/oberdiek/catchfile.sty
Package: catchfile 2011/03/01 v1.6 Catch the contents of a file (HO)
)
runsystem(uname -s > "book_1_template.w18")...executed.


(./book_1_template.w18)
runsystem(rm -- "book_1_template.w18")...executed.

)
\minted@bgbox=\box63
\minted@code=\write4
\@float@every@listing=\toks28
\c@listing=\count150
)
runsystem(which pygmentize && touch book_1_template.aex)...executed.

runsystem(rm book_1_template.aex)...executed.

runsystem(pygmentize -S borland -f latex > book_1_template.pyg)...executed.

 (./book_1_template.pyg)
(/usr/share/texlive/texmf-dist/tex/latex/graphics/graphicx.sty
Package: graphicx 1999/02/16 v1.0f Enhanced LaTeX Graphics (DPC,SPQR)

(/usr/share/texlive/texmf-dist/tex/latex/graphics/graphics.sty
Package: graphics 2009/02/05 v1.0o Standard LaTeX Graphics (DPC,SPQR)

(/usr/share/texlive/texmf-dist/tex/latex/graphics/trig.sty
Package: trig 1999/03/16 v1.09 sin cos tan (DPC)
)
(/usr/share/texlive/texmf-dist/tex/latex/latexconfig/graphics.cfg
File: graphics.cfg 2010/04/23 v1.9 graphics configuration of TeX Live
)
Package graphics Info: Driver file: pdftex.def on input line 91.
)
\Gin@req@height=\dimen159
\Gin@req@width=\dimen160
)
(/usr/share/texlive/texmf-dist/tex/latex/subfig/subfig.sty
Package: subfig 2005/06/28 ver: 1.3 subfig package

(/usr/share/texlive/texmf-dist/tex/latex/caption/caption.sty
Package: caption 2013/05/02 v3.3-89 Customizing captions (AR)

(/usr/share/texlive/texmf-dist/tex/latex/caption/caption3.sty
Package: caption3 2013/05/02 v1.6-88 caption3 kernel (AR)
Package caption3 Info: TeX engine: e-TeX on input line 57.
\captionmargin=\dimen161
\captionmargin@=\dimen162
\captionwidth=\dimen163
\caption@tempdima=\dimen164
\caption@indent=\dimen165
\caption@parindent=\dimen166
\caption@hangindent=\dimen167
)
\c@ContinuedFloat=\count151
Package caption Info: float package is loaded.
Package caption Info: hyperref package is loaded.
Package caption Info: listings package is loaded.
)
\c@KVtest=\count152
\sf@farskip=\skip90
\sf@captopadj=\dimen168
\sf@capskip=\skip91
\sf@nearskip=\skip92
\c@subfigure=\count153
\c@subfigure@save=\count154
\c@lofdepth=\count155
\c@subtable=\count156
\c@subtable@save=\count157
\c@lotdepth=\count158
\sf@top=\skip93
\sf@bottom=\skip94
)
(/usr/share/texlive/texmf-dist/tex/latex/tools/xspace.sty
Package: xspace 2009/10/20 v1.13 Space after command names (DPC,MH)
)
(/usr/share/texlive/texmf-dist/tex/latex/base/makeidx.sty
Package: makeidx 2000/03/29 v1.0m Standard LaTeX package
)
\@indexfile=\write5
\openout5 = `book_1_template.idx'.


Writing index file book_1_template.idx
(./book_1_template.aux

LaTeX Warning: Label `fig:matrix' multiply defined.

)
\openout1 = `book_1_template.aux'.

LaTeX Font Info:    Checking defaults for OML/cmm/m/it on input line 79.
LaTeX Font Info:    ... okay on input line 79.
LaTeX Font Info:    Checking defaults for T1/cmr/m/n on input line 79.
LaTeX Font Info:    ... okay on input line 79.
LaTeX Font Info:    Checking defaults for OT1/cmr/m/n on input line 79.
LaTeX Font Info:    ... okay on input line 79.
LaTeX Font Info:    Checking defaults for OMS/cmsy/m/n on input line 79.
LaTeX Font Info:    ... okay on input line 79.
LaTeX Font Info:    Checking defaults for OMX/cmex/m/n on input line 79.
LaTeX Font Info:    ... okay on input line 79.
LaTeX Font Info:    Checking defaults for U/cmr/m/n on input line 79.
LaTeX Font Info:    ... okay on input line 79.
LaTeX Font Info:    Checking defaults for PD1/pdf/m/n on input line 79.
LaTeX Font Info:    ... okay on input line 79.
LaTeX Font Info:    Checking defaults for PU/pdf/m/n on input line 79.
LaTeX Font Info:    ... okay on input line 79.
LaTeX Font Info:    Checking defaults for TS1/cmr/m/n on input line 79.
LaTeX Font Info:    Try loading font information for TS1+cmr on input line 79.
 (/usr/share/texlive/texmf-dist/tex/latex/base/ts1cmr.fd
File: ts1cmr.fd 1999/05/25 v2.5h Standard LaTeX font definitions
)
LaTeX Font Info:    ... okay on input line 79.
LaTeX Font Info:    Try loading font information for T1+pplj on input line 79.

(/usr/share/texlive/texmf-dist/tex/latex/psnfss/t1pplj.fd
File: t1pplj.fd 2004/09/06 font definitions for T1/pplj.
)
\AtBeginShipoutBox=\box64
Package hyperref Info: Link coloring ON on input line 79.

(/usr/share/texlive/texmf-dist/tex/latex/hyperref/nameref.sty
Package: nameref 2012/10/27 v2.43 Cross-referencing by name of section

(/usr/share/texlive/texmf-dist/tex/generic/oberdiek/gettitlestring.sty
Package: gettitlestring 2010/12/03 v1.4 Cleanup title references (HO)
)
\c@section@level=\count159
)
LaTeX Info: Redefining \ref on input line 79.
LaTeX Info: Redefining \pageref on input line 79.
LaTeX Info: Redefining \nameref on input line 79.

(./book_1_template.out) (./book_1_template.out)
\@outlinefile=\write6
\openout6 = `book_1_template.out'.


ABD: EverySelectfont initializing macros
LaTeX Info: Redefining \selectfont on input line 79.

*geometry* driver: auto-detecting
*geometry* detected driver: pdftex
*geometry* verbose mode - [ preamble ] result:
* driver: pdftex
* paper: letterpaper
* layout: <same size as paper>
* layoutoffset:(h,v)=(0.0pt,0.0pt)
* modes: twoside asymmetric 
* h-part:(L,W,R)=(72.26999pt, 312.0pt, 230.02501pt)
* v-part:(T,H,B)=(72.26999pt, 616.0pt, 106.7pt)
* \paperwidth=614.295pt
* \paperheight=794.96999pt
* \textwidth=312.0pt
* \textheight=616.0pt
* \oddsidemargin=0.0pt
* \evensidemargin=0.0pt
* \topmargin=-42.0pt
* \headheight=14.0pt
* \headsep=28.0pt
* \topskip=10.0pt
* \footskip=25.29494pt
* \marginparwidth=144.0pt
* \marginparsep=24.0pt
* \columnsep=10.0pt
* \skip\footins=9.0pt plus 4.0pt minus 2.0pt
* \hoffset=0.0pt
* \voffset=0.0pt
* \mag=1000
* \@twocolumnfalse
* \@twosidetrue
* \@mparswitchfalse
* \@reversemarginfalse
* (1in=72.27pt=25.4mm, 1cm=28.453pt)

LaTeX Info: Redefining \microtypecontext on input line 79.
Package microtype Info: Generating PDF output.
Package microtype Info: Character protrusion enabled (level 2).
Package microtype Info: Using default protrusion set `alltext'.
Package microtype Info: Automatic font expansion enabled (level 2),
(microtype)             stretch: 20, shrink: 20, step: 1, non-selected.
Package microtype Info: Using default expansion set `basictext'.
Package microtype Info: No adjustment of tracking.
Package microtype Info: No adjustment of interword spacing.
Package microtype Info: No adjustment of character kerning.
(/usr/share/texlive/texmf-dist/tex/latex/microtype/mt-ppl.cfg
File: mt-ppl.cfg 2005/11/16 v1.6 microtype config. file: Palatino (RS)
)
(/usr/share/texlive/texmf-dist/tex/context/base/supp-pdf.mkii
[Loading MPS to PDF converter (version 2006.09.02).]
\scratchcounter=\count160
\scratchdimen=\dimen169
\scratchbox=\box65
\nofMPsegments=\count161
\nofMParguments=\count162
\everyMPshowfont=\toks29
\MPscratchCnt=\count163
\MPscratchDim=\dimen170
\MPnumerator=\count164
\makeMPintoPDFobject=\count165
\everyMPtoPDFconversion=\toks30
)
\c@lstlisting=\count166
 (/usr/share/texlive/texmf-dist/tex/latex/oberdiek/epstopdf-base.sty
Package: epstopdf-base 2010/02/09 v2.5 Base part for package epstopdf

(/usr/share/texlive/texmf-dist/tex/latex/oberdiek/grfext.sty
Package: grfext 2010/08/19 v1.1 Manage graphics extensions (HO)
)
Package grfext Info: Graphics extension search list:
(grfext)             [.png,.pdf,.jpg,.mps,.jpeg,.jbig2,.jb2,.PNG,.PDF,.JPG,.JPE
G,.JBIG2,.JB2,.eps]
(grfext)             \AppendGraphicsExtensions on input line 452.

(/usr/share/texlive/texmf-dist/tex/latex/latexconfig/epstopdf-sys.cfg
File: epstopdf-sys.cfg 2010/07/13 v1.3 Configuration of (r)epstopdf for TeX Liv
e
))
Package caption Info: Begin \AtBeginDocument code.
Package caption Info: subfig package v1.3 is loaded.
Package caption Info: End \AtBeginDocument code.
LaTeX Font Info:    Try loading font information for T1+phv on input line 88.

(/usr/share/texlive/texmf-dist/tex/latex/psnfss/t1phv.fd
File: t1phv.fd 2001/06/04 scalable font definitions for T1/phv.
)
LaTeX Font Info:    Font shape `T1/phv/m/n' will be
(Font)              scaled to size 8.99994pt on input line 88.
Package microtype Info: Loading generic settings for font family
(microtype)             `phv' (encoding: T1).
(microtype)             For optimal results, create family-specific settings.
(microtype)             See the microtype manual for details.
LaTeX Font Info:    Font shape `T1/phv/m/n' will be
(Font)              scaled to size 9.85492pt on input line 88.
LaTeX Font Info:    Font shape `T1/phv/m/it' in size <10.95> not available
(Font)              Font shape `T1/phv/m/sl' tried instead on input line 88.
LaTeX Font Info:    Font shape `T1/phv/m/sl' will be
(Font)              scaled to size 9.85492pt on input line 88.
 [1


{/var/lib/texmf/fonts/map/pdftex/updmap/pdftex.map}] [2

]
LaTeX Font Info:    Font shape `T1/phv/m/n' will be
(Font)              scaled to size 16.19989pt on input line 96.
LaTeX Font Info:    Font shape `T1/phv/m/n' will be
(Font)              scaled to size 32.39978pt on input line 96.

Overfull \hbox (128.43753pt too wide) in paragraph at lines 96--96
[]\T1/phv/m/n/36/200ls DISCRETE EL-E-MENT METHOD[]  
 []

LaTeX Font Info:    Font shape `T1/phv/m/n' will be
(Font)              scaled to size 12.59991pt on input line 96.
[3]
LaTeX Font Info:    Try loading font information for TS1+pplj on input line 108
.
 (/usr/share/texlive/texmf-dist/tex/latex/psnfss/ts1pplj.fd
File: ts1pplj.fd 2004/09/06 font definitions for TS1/pplj.
) [4

]
(./book_1_template.toc)
\tf@toc=\write7
\openout7 = `book_1_template.toc'.

 [5

] [6

] (./book_1_template.lof
Overfull \hbox (13.83727pt too wide) in paragraph at lines 4--4
 [][] [][][]\T1/pplj/m/n/10 (-20) In the \T1/pplj/m/it/10 (-20) Dash\T1/pplj/m/
n/10 (-20) , type \T1/pplj/m/it/10 (-20) Ter-mi-nal \T1/pplj/m/n/10 (-20) and c
lick on the Ter-mi-nal Icon that ap-pears.
 []


Overfull \hbox (2.27304pt too wide) in paragraph at lines 27--27
 [][] [][][]\T1/pplj/m/n/10 (-20) Graphical Rep-re-sen-ta-tion of feed-frame.Im
age taken from the [][]pa-per[][]
 []

)
\tf@lof=\write8
\openout8 = `book_1_template.lof'.

 [7] [8

] (./book_1_template.lot)
\tf@lot=\write9
\openout9 = `book_1_template.lot'.

 [9] [10

]
Overfull \hbox (3.53996pt too wide) in paragraph at lines 136--139
\T1/pplj/m/it/18 there for me, despite all the shaky evidences 
 []

[11] [12

]
Overfull \hbox (0.10715pt too wide) in paragraph at lines 152--157
\T1/pplj/m/n/10 (+16) Sherbrooke. This document wouldn't have been possible wit
hout the 
 []

[13

] [14

]
LaTeX Font Info:    Try loading font information for OT1+pplx on input line 196
.
 (/usr/share/texlive/texmf-dist/tex/latex/psnfss/ot1pplx.fd
File: ot1pplx.fd 2004/09/06 font definitions for OT1/pplx.
)
LaTeX Font Info:    Try loading font information for OML+zplm on input line 196
.

(/usr/share/texlive/texmf-dist/tex/latex/psnfss/omlzplm.fd
File: omlzplm.fd 2002/09/08 Fontinst v1.914 font definitions for OML/zplm.
)
LaTeX Font Info:    Try loading font information for OMS+zplm on input line 196
.

(/usr/share/texlive/texmf-dist/tex/latex/psnfss/omszplm.fd
File: omszplm.fd 2002/09/08 Fontinst v1.914 font definitions for OMS/zplm.
)
LaTeX Font Info:    Try loading font information for OMX+zplm on input line 196
.

(/usr/share/texlive/texmf-dist/tex/latex/psnfss/omxzplm.fd
File: omxzplm.fd 2002/09/08 Fontinst v1.914 font definitions for OMX/zplm.
)
LaTeX Font Info:    Try loading font information for OT1+zplm on input line 196
.

(/usr/share/texlive/texmf-dist/tex/latex/psnfss/ot1zplm.fd
File: ot1zplm.fd 2002/09/08 Fontinst v1.914 font definitions for OT1/zplm.
)
Package microtype Info: Loading generic settings for font family
(microtype)             `zplm' (encoding: OT1).
(microtype)             For optimal results, create family-specific settings.
(microtype)             See the microtype manual for details.


LaTeX Warning: Marginpar on page 15 moved.

[15

]

LaTeX Warning: Marginpar on page 16 moved.

LaTeX Font Info:    Font shape `T1/pplj/bx/n' in size <10> not available
(Font)              Font shape `T1/pplj/b/n' tried instead on input line 214.
[16]
Overfull \hbox (0.10594pt too wide) in paragraph at lines 221--222
\T1/pplj/m/n/10 (+19) and expand on. Keeping in mind, Ubuntu meets the goal of 
free and 
 []


LaTeX Warning: Marginpar on page 17 moved.


LaTeX Warning: Marginpar on page 17 moved.


LaTeX Warning: Marginpar on page 17 moved.

\openout3 = `book_1_template.pyg'.

runsystem(pygmentize -l bash -f latex -F tokenmerge             -P "verboptions
= " -o book_1_template.out.pyg book_1_template.pyg)...executed.

(./book_1_template.out.pyg
LaTeX Font Info:    Try loading font information for T1+cmtt on input line 1.

(/usr/share/texlive/texmf-dist/tex/latex/base/t1cmtt.fd
File: t1cmtt.fd 1999/05/25 v2.5h Standard LaTeX font definitions
)
Package microtype Info: Loading generic settings for font family
(microtype)             `cmtt' (encoding: T1).
(microtype)             For optimal results, create family-specific settings.
(microtype)             See the microtype manual for details.
)
runsystem(rm book_1_template.out.pyg)...executed.

runsystem(rm book_1_template.pyg)...executed.


<graphics/Ubuntu_Desktop.png, id=267, 1371.1225pt x 770.88pt>
File: graphics/Ubuntu_Desktop.png Graphic file (type png)

<use graphics/Ubuntu_Desktop.png>
Package pdftex.def Info: graphics/Ubuntu_Desktop.png used on input line 247.
(pdftex.def)             Requested size: 480.00467pt x 269.87085pt.

Overfull \hbox (6.80466pt too wide) in paragraph at lines 247--248
[][] 
 []

<graphics/Dash.png, id=268, 1371.1225pt x 770.88pt>
File: graphics/Dash.png Graphic file (type png)
 <use graphics/Dash.png>
Package pdftex.def Info: graphics/Dash.png used on input line 250.
(pdftex.def)             Requested size: 480.00467pt x 269.87085pt.

Overfull \hbox (6.80466pt too wide) in paragraph at lines 250--253
[][]
 []


Underfull \hbox (badness 10000) in paragraph at lines 250--253

 []


Underfull \hbox (badness 10000) in paragraph at lines 254--254
[]\T1/pplj/m/n/10 (+20) Figure 1: |\T1/pplj/m/it/10 (+20) Side-bar \T1/pplj/m/n
/10 (+20) is sim-i-lar to
 []


Underfull \hbox (badness 10000) in paragraph at lines 254--254
\T1/pplj/m/n/10 (+20) or start menu if you may call,
 []


Underfull \hbox (badness 10000) in paragraph at lines 254--254
\T1/pplj/m/n/10 (+20) gives ac-cess to the list of ap-pli-
 []


Underfull \hbox (badness 10000) in paragraph at lines 254--254
\T1/pplj/m/n/10 (+20) ca-tions and set-tings in-stalled
 []

<graphics/Typing_Terminal.png, id=269, 1371.1225pt x 770.88pt>
File: graphics/Typing_Terminal.png Graphic file (type png)

<use graphics/Typing_Terminal.png>
Package pdftex.def Info: graphics/Typing_Terminal.png used on input line 258.
(pdftex.def)             Requested size: 480.00467pt x 269.87085pt.

Overfull \hbox (6.80466pt too wide) in paragraph at lines 258--259
[][] 
 []

<graphics/Terminal.png, id=270, 1371.1225pt x 770.88pt>
File: graphics/Terminal.png Graphic file (type png)

<use graphics/Terminal.png>
Package pdftex.def Info: graphics/Terminal.png used on input line 260.
(pdftex.def)             Requested size: 480.00467pt x 269.87085pt.

Overfull \hbox (6.80466pt too wide) in paragraph at lines 260--262
[][]
 []


Underfull \hbox (badness 10000) in paragraph at lines 260--262

 []


Underfull \hbox (badness 10000) in paragraph at lines 262--262
[]\T1/pplj/m/n/10 (+20) Figure 2: |In the \T1/pplj/m/it/10 (+20) Dash\T1/pplj/m
/n/10 (+20) , type \T1/pplj/m/it/10 (+20) Ter-
 []


Underfull \hbox (badness 10000) in paragraph at lines 262--262
\T1/pplj/m/it/10 (+20) mi-nal \T1/pplj/m/n/10 (+20) and click on the Ter-mi-nal

 []


Underfull \hbox (badness 10000) in paragraph at lines 262--262
\T1/pplj/m/n/10 (+20) Icon that ap-pears. The ter-mi-nal
 []


Underfull \hbox (badness 10000) in paragraph at lines 262--262
\T1/pplj/m/n/10 (+20) win-dows is shown in the above
 []

[17] [18 <./graphics/Ubuntu_Desktop.png> <./graphics/Dash.png>] [19 <./graphics
/Typing_Terminal.png> <./graphics/Terminal.png>]
Overfull \hbox (39.10985pt too wide) in paragraph at lines 276--293
 [][] 
 []


Underfull \hbox (badness 10000) in paragraph at lines 294--294
[]\T1/pplj/m/n/10 (+20) Table 1: |Com-monly Used Com-
 []


LaTeX Warning: Marginpar on page 20 moved.


LaTeX Warning: Marginpar on page 20 moved.

[20]
Underfull \hbox (badness 10000) in paragraph at lines 341--341
[]\T1/pplj/m/n/10 (+20) Table 3: |More com-mon com-
 []


LaTeX Warning: Marginpar on page 21 moved.

<graphics/sandwich.png, id=298, 361.35pt x 300.12125pt>
File: graphics/sandwich.png Graphic file (type png)

<use graphics/sandwich.png>
Package pdftex.def Info: graphics/sandwich.png used on input line 347.
(pdftex.def)             Requested size: 143.99709pt x 119.59758pt.


Package caption Warning: The option `hypcap=true' will be ignored for this
(caption)                particular \caption on input line 348.
See the caption package documentation for explanation.


Underfull \hbox (badness 10000) in paragraph at lines 348--348
[]\T1/pplj/m/n/10 (+20) Figure 3: |[]xkcd shows what-if
 []


LaTeX Warning: Marginpar on page 21 moved.


LaTeX Warning: Marginpar on page 21 moved.


LaTeX Warning: Marginpar on page 21 moved.

[21 <./graphics/sandwich.png>] [22

]
Overfull \hbox (2.91017pt too wide) in paragraph at lines 369--370
[]\T1/pplj/m/n/10 (-20) In this sec-tion, we will get to speed by di-rectly div
-ing deep into work-ing with \T1/pplj/m/it/10 (-20) LIGGGHTS\T1/pplj/m/n/10 (-2
0) . As \T1/pplj/m/it/10 (-20) LIGGGHTS\T1/pplj/m/n/10 (-20) does 
 []

<graphics/Screenshot/Lig2.png, id=317, 412.54124pt x 65.24374pt>
File: graphics/Screenshot/Lig2.png Graphic file (type png)

<use graphics/Screenshot/Lig2.png>
Package pdftex.def Info: graphics/Screenshot/Lig2.png used on input line 389.
(pdftex.def)             Requested size: 144.00131pt x 22.77393pt.


Package caption Warning: The option `hypcap=true' will be ignored for this
(caption)                particular \caption on input line 390.
See the caption package documentation for explanation.

<graphics/Screenshot/Lig3.png, id=318, 483.8075pt x 64.24pt>
File: graphics/Screenshot/Lig3.png Graphic file (type png)

<use graphics/Screenshot/Lig3.png>
Package pdftex.def Info: graphics/Screenshot/Lig3.png used on input line 391.
(pdftex.def)             Requested size: 143.99911pt x 19.12021pt.


Package caption Warning: The option `hypcap=true' will be ignored for this
(caption)                particular \caption on input line 392.
See the caption package documentation for explanation.


Overfull \hbox (5.99911pt too wide) in paragraph at lines 391--392
[][]  
 []


Underfull \hbox (badness 10000) in paragraph at lines 392--392
[]\T1/pplj/m/n/10 (+20) Figure 5: |[]On press-ing the TAB
 []

<graphics/Screenshot/Lig4.png, id=319, 517.935pt x 63.23625pt>
File: graphics/Screenshot/Lig4.png Graphic file (type png)

<use graphics/Screenshot/Lig4.png>
Package pdftex.def Info: graphics/Screenshot/Lig4.png used on input line 393.
(pdftex.def)             Requested size: 144.00131pt x 17.58154pt.


Package caption Warning: The option `hypcap=true' will be ignored for this
(caption)                particular \caption on input line 394.
See the caption package documentation for explanation.


Overfull \hbox (6.00131pt too wide) in paragraph at lines 393--394
[][]  
 []

<graphics/Screenshot/Lig5.png, id=320, 570.13pt x 72.27pt>
File: graphics/Screenshot/Lig5.png Graphic file (type png)

<use graphics/Screenshot/Lig5.png>
Package pdftex.def Info: graphics/Screenshot/Lig5.png used on input line 395.
(pdftex.def)             Requested size: 143.99365pt x 18.2527pt.


Package caption Warning: The option `hypcap=true' will be ignored for this
(caption)                particular \caption on input line 396.
See the caption package documentation for explanation.


Overfull \hbox (5.99365pt too wide) in paragraph at lines 395--396
[][]  
 []


Underfull \hbox (badness 10000) in paragraph at lines 396--396
[]\T1/pplj/m/n/10 (+20) Figure 7: |[]Demonstration of
 []

<graphics/Screenshot/Lig6.png, id=321, 740.7675pt x 89.33376pt>
File: graphics/Screenshot/Lig6.png Graphic file (type png)

<use graphics/Screenshot/Lig6.png>
Package pdftex.def Info: graphics/Screenshot/Lig6.png used on input line 397.
(pdftex.def)             Requested size: 143.9913pt x 17.36479pt.


Package caption Warning: The option `hypcap=true' will be ignored for this
(caption)                particular \caption on input line 398.
See the caption package documentation for explanation.


Overfull \hbox (5.9913pt too wide) in paragraph at lines 397--398
[][]  
 []

<graphics/Screenshot/Lig7.png, id=322, 739.76375pt x 148.555pt>
File: graphics/Screenshot/Lig7.png Graphic file (type png)

<use graphics/Screenshot/Lig7.png>
Package pdftex.def Info: graphics/Screenshot/Lig7.png used on input line 399.
(pdftex.def)             Requested size: 143.99936pt x 28.9171pt.


Package caption Warning: The option `hypcap=true' will be ignored for this
(caption)                particular \caption on input line 400.
See the caption package documentation for explanation.


Overfull \hbox (5.99936pt too wide) in paragraph at lines 399--400
[][]  
 []

<graphics/Screenshot/Lig8.png, id=323, 743.77875pt x 314.17375pt>
File: graphics/Screenshot/Lig8.png Graphic file (type png)

<use graphics/Screenshot/Lig8.png>
Package pdftex.def Info: graphics/Screenshot/Lig8.png used on input line 405.
(pdftex.def)             Requested size: 312.01042pt x 131.79387pt.

<graphics/Screenshot/Lig13.png, id=324, 741.77126pt x 357.335pt>
File: graphics/Screenshot/Lig13.png Graphic file (type png)

<use graphics/Screenshot/Lig13.png>
Package pdftex.def Info: graphics/Screenshot/Lig13.png used on input line 408.
(pdftex.def)             Requested size: 312.00586pt x 150.30322pt.

Underfull \hbox (badness 10000) in paragraph at lines 408--412

 []


Underfull \hbox (badness 10000) in paragraph at lines 412--412
[]\T1/pplj/m/n/10 (+20) Figure 10: |Suc-cess-fully con-
 []


Overfull \hbox (18.37653pt too wide) in paragraph at lines 430--432
\T1/pplj/m/n/10 (-20) In this sec-tion we will run the script of Mesh-Gran. A \
T1/pplj/m/it/10 (-20) LIGGGHTS\T1/pplj/m/n/10 (-20) simulation 
 []

[23 <./graphics/Screenshot/Lig2.png> <./graphics/Screenshot/Lig3.png> <./graphi
cs/Screenshot/Lig4.png> <./graphics/Screenshot/Lig5.png> <./graphics/Screenshot
/Lig6.png> <./graphics/Screenshot/Lig7.png>] [24 <./graphics/Screenshot/Lig8.pn
g> <./graphics/Screenshot/Lig13.png>]
<graphics/Screenshot/Lig10.png, id=335, 734.745pt x 370.38374pt>
File: graphics/Screenshot/Lig10.png Graphic file (type png)

<use graphics/Screenshot/Lig10.png>
Package pdftex.def Info: graphics/Screenshot/Lig10.png used on input line 443.
(pdftex.def)             Requested size: 143.99782pt x 72.58907pt.


Package caption Warning: The option `hypcap=true' will be ignored for this
(caption)                particular \caption on input line 444.
See the caption package documentation for explanation.


Underfull \hbox (badness 10000) in paragraph at lines 444--444
[]\T1/pplj/m/n/10 (+20) Figure 11: |[]Type li into the shell
 []

<graphics/Screenshot/Lig11.png, id=336, 750.805pt x 43.16125pt>
File: graphics/Screenshot/Lig11.png Graphic file (type png)

<use graphics/Screenshot/Lig11.png>
Package pdftex.def Info: graphics/Screenshot/Lig11.png used on input line 447.
(pdftex.def)             Requested size: 143.99481pt x 8.27777pt.


Package caption Warning: The option `hypcap=true' will be ignored for this
(caption)                particular \caption on input line 448.
See the caption package documentation for explanation.


Underfull \hbox (badness 10000) in paragraph at lines 448--448
[]\T1/pplj/m/n/10 (+20) Figure 12: |[]Type liggghts <
 []


LaTeX Warning: Marginpar on page 25 moved.

<graphics/Screenshot/Lig12.png, id=337, 740.7675pt x 470.75874pt>
File: graphics/Screenshot/Lig12.png Graphic file (type png)

<use graphics/Screenshot/Lig12.png>
Package pdftex.def Info: graphics/Screenshot/Lig12.png used on input line 451.
(pdftex.def)             Requested size: 143.9913pt x 91.50667pt.


Package caption Warning: The option `hypcap=true' will be ignored for this
(caption)                particular \caption on input line 452.
See the caption package documentation for explanation.


Underfull \hbox (badness 10000) in paragraph at lines 452--452
[]\T1/pplj/m/n/10 (+20) Figure 13: |[]\T1/pplj/m/it/10 (+20) LIGGGHTS\T1/pplj/m
/n/10 (+20) should
 []


LaTeX Warning: Marginpar on page 25 moved.

<graphics/Screenshot/Con1.png, id=338, 729.72626pt x 52.195pt>
File: graphics/Screenshot/Con1.png Graphic file (type png)

<use graphics/Screenshot/Con1.png>
Package pdftex.def Info: graphics/Screenshot/Con1.png used on input line 458.
(pdftex.def)             Requested size: 143.9941pt x 10.29944pt.


Package caption Warning: The option `hypcap=true' will be ignored for this
(caption)                particular \caption on input line 459.
See the caption package documentation for explanation.


Underfull \hbox (badness 10000) in paragraph at lines 459--459
[]\T1/pplj/m/n/10 (+20) Figure 14: |[]To view re-sults, goto
 []

<graphics/Screenshot/Con4.png, id=339, 734.745pt x 45.16875pt>
File: graphics/Screenshot/Con4.png Graphic file (type png)

<use graphics/Screenshot/Con4.png>
Package pdftex.def Info: graphics/Screenshot/Con4.png used on input line 461.
(pdftex.def)             Requested size: 143.99782pt x 8.85231pt.


Package caption Warning: The option `hypcap=true' will be ignored for this
(caption)                particular \caption on input line 462.
See the caption package documentation for explanation.


Overfull \hbox (5.99782pt too wide) in paragraph at lines 461--462
[][]  
 []


Underfull \hbox (badness 10000) in paragraph at lines 462--462
[]\T1/pplj/m/n/10 (+20) Figure 15: |[]Type par-aview, to
 []


LaTeX Warning: Marginpar on page 25 moved.

<graphics/Screenshot/Con2.png, id=340, 736.7525pt x 473.77pt>
File: graphics/Screenshot/Con2.png Graphic file (type png)

<use graphics/Screenshot/Con2.png>
Package pdftex.def Info: graphics/Screenshot/Con2.png used on input line 465.
(pdftex.def)             Requested size: 311.9971pt x 200.63028pt.
LaTeX Font Info:    Font shape `T1/pplj/bx/it' in size <10> not available
(Font)              Font shape `T1/pplj/b/it' tried instead on input line 467.

Underfull \hbox (badness 10000) in paragraph at lines 465--468
[][]
 []


Underfull \hbox (badness 10000) in paragraph at lines 465--468
\T1/pplj/m/it/10 (+20) The LPP com-mand can be started with \T1/pplj/b/it/10 lp
p dump*.meshGran\T1/pplj/m/it/10 (+20) in the post
 []

[25 <./graphics/Screenshot/Lig10.png> <./graphics/Screenshot/Lig11.png> <./grap
hics/Screenshot/Lig12.png> <./graphics/Screenshot/Con1.png> <./graphics/Screens
hot/Con4.png> <./graphics/Screenshot/Con2.png>]
<graphics/Screenshot/P1.png, id=348, 1057.9525pt x 140.525pt>
File: graphics/Screenshot/P1.png Graphic file (type png)

<use graphics/Screenshot/P1.png>
Package pdftex.def Info: graphics/Screenshot/P1.png used on input line 484.
(pdftex.def)             Requested size: 311.99643pt x 41.44164pt.

<graphics/Screenshot/P3.png, id=349, 298.11375pt x 555.07375pt>
File: graphics/Screenshot/P3.png Graphic file (type png)

<use graphics/Screenshot/P3.png>
Package pdftex.def Info: graphics/Screenshot/P3.png used on input line 487.
(pdftex.def)             Requested size: 143.99818pt x 268.11784pt.


Package caption Warning: The option `hypcap=true' will be ignored for this
(caption)                particular \caption on input line 488.
See the caption package documentation for explanation.

<graphics/Screenshot/P4.png, id=350, 472.76625pt x 45.16875pt>
File: graphics/Screenshot/P4.png Graphic file (type png)

<use graphics/Screenshot/P4.png>
Package pdftex.def Info: graphics/Screenshot/P4.png used on input line 492.
(pdftex.def)             Requested size: 144.00232pt x 13.75818pt.


Package caption Warning: The option `hypcap=true' will be ignored for this
(caption)                particular \caption on input line 493.
See the caption package documentation for explanation.


LaTeX Warning: Marginpar on page 26 moved.

<graphics/Screenshot/P2.png, id=351, 993.7125pt x 441.65pt>
File: graphics/Screenshot/P2.png Graphic file (type png)

<use graphics/Screenshot/P2.png>
Package pdftex.def Info: graphics/Screenshot/P2.png used on input line 497.
(pdftex.def)             Requested size: 312.00519pt x 138.66896pt.

<graphics/Screenshot/P5.png, id=352, 410.53375pt x 392.46625pt>
File: graphics/Screenshot/P5.png Graphic file (type png)

<use graphics/Screenshot/P5.png>
Package pdftex.def Info: graphics/Screenshot/P5.png used on input line 502.
(pdftex.def)             Requested size: 311.99635pt x 298.26546pt.
 [26 <./graphics/Screenshot/P1.png> <./graphics/Screenshot/P3.png> <./graphics/
Screenshot/P4.png> <./graphics/Screenshot/P2.png>] <graphics/Screenshot/Gif1.pn
g, id=359, 728.7225pt x 45.16875pt>
File: graphics/Screenshot/Gif1.png Graphic file (type png)

<use graphics/Screenshot/Gif1.png>
Package pdftex.def Info: graphics/Screenshot/Gif1.png used on input line 522.
(pdftex.def)             Requested size: 311.99911pt x 19.33878pt.

Underfull \hbox (badness 10000) in paragraph at lines 522--524
[][]
 []


Underfull \hbox (badness 10000) in paragraph at lines 522--524

 []


Underfull \hbox (badness 10000) in paragraph at lines 524--524
[]\T1/pplj/m/n/10 (+20) Figure 20: |Open-ing the file
 []

<graphics/Screenshot/Gif3.png, id=360, 1214.5375pt x 200.75pt>
File: graphics/Screenshot/Gif3.png Graphic file (type png)

<use graphics/Screenshot/Gif3.png>
Package pdftex.def Info: graphics/Screenshot/Gif3.png used on input line 527.
(pdftex.def)             Requested size: 311.99171pt x 51.56886pt.

Underfull \hbox (badness 10000) in paragraph at lines 530--530
[]\T1/pplj/m/n/10 (+20) Figure 21: |Open-ing the files
 []

[27 <./graphics/Screenshot/P5.png> <./graphics/Screenshot/Gif1.png> <./graphics
/Screenshot/Gif3.png>]
LaTeX Font Info:    Font shape `T1/pplj/bx/n' in size <8> not available
(Font)              Font shape `T1/pplj/b/n' tried instead on input line 543.


LaTeX Warning: Marginpar on page 28 moved.

runsystem(pygmentize -l cpp -f latex -F tokenmerge             -P "verboptions=
 " -o book_1_template.out.pyg in.meshGran)...executed.

(./book_1_template.out.pyg
LaTeX Font Info:    Font shape `T1/cmtt/bx/n' in size <10> not available
(Font)              Font shape `T1/cmtt/m/n' tried instead on input line 3.
 [28]
Underfull \vbox (badness 10000) has occurred while \output is active []

 [29])
runsystem(rm book_1_template.out.pyg)...executed.



LaTeX Warning: Marginpar on page 30 moved.

\openout3 = `book_1_template.pyg'.

runsystem(pygmentize -l cpp -f latex -F tokenmerge             -P "verboptions=
 " -o book_1_template.out.pyg book_1_template.pyg)...executed.

(./book_1_template.out.pyg [30])
runsystem(rm book_1_template.out.pyg)...executed.

runsystem(rm book_1_template.pyg)...executed.



LaTeX Warning: Marginpar on page 31 moved.

\openout3 = `book_1_template.pyg'.

runsystem(pygmentize -l cpp -f latex -F tokenmerge             -P "verboptions=
 " -o book_1_template.out.pyg book_1_template.pyg)...executed.

(./book_1_template.out.pyg [31])
runsystem(rm book_1_template.out.pyg)...executed.

runsystem(rm book_1_template.pyg)...executed.



LaTeX Warning: Marginpar on page 32 moved.


LaTeX Warning: Marginpar on page 32 moved.


LaTeX Warning: Marginpar on page 32 moved.

\openout3 = `book_1_template.pyg'.

runsystem(pygmentize -l cpp -f latex -F tokenmerge             -P "verboptions=
 " -o book_1_template.out.pyg book_1_template.pyg)...executed.

(./book_1_template.out.pyg [32])
runsystem(rm book_1_template.out.pyg)...executed.

runsystem(rm book_1_template.pyg)...executed.



LaTeX Warning: Marginpar on page 33 moved.

\openout3 = `book_1_template.pyg'.

runsystem(pygmentize -l cpp -f latex -F tokenmerge             -P "verboptions=
 " -o book_1_template.out.pyg book_1_template.pyg)...executed.

(./book_1_template.out.pyg)
runsystem(rm book_1_template.out.pyg)...executed.

runsystem(rm book_1_template.pyg)...executed.



LaTeX Warning: Marginpar on page 33 moved.

[33] [34

]

LaTeX Warning: Marginpar on page 35 moved.

[35] <graphics/feedframe.jpg, id=410, 417.81094pt x 344.03531pt>
File: graphics/feedframe.jpg Graphic file (type jpg)

<use graphics/feedframe.jpg>
Package pdftex.def Info: graphics/feedframe.jpg used on input line 784.
(pdftex.def)             Requested size: 143.99829pt x 118.57156pt.


Package caption Warning: The option `hypcap=true' will be ignored for this
(caption)                particular \caption on input line 785.
See the caption package documentation for explanation.


Overfull \hbox (6.79828pt too wide) in paragraph at lines 784--785
[]  
 []


Underfull \hbox (badness 10000) in paragraph at lines 785--785
[]\T1/pplj/m/n/10 (+20) Figure 23: |[]Graphical Rep-re-sen-
 []


Underfull \hbox (badness 10000) in paragraph at lines 785--785
\T1/pplj/m/n/10 (+10) ta-tion of feed-frame.Image taken
 []

[36 <./graphics/feedframe.jpg>]
<graphics/Object/MainView.png, id=417, 963.6pt x 542.025pt>
File: graphics/Object/MainView.png Graphic file (type png)

<use graphics/Object/MainView.png>
Package pdftex.def Info: graphics/Object/MainView.png used on input line 801.
(pdftex.def)             Requested size: 311.99002pt x 175.49438pt.

Overfull \hbox (6.79001pt too wide) in paragraph at lines 801--804
[][]
 []


Underfull \hbox (badness 10000) in paragraph at lines 801--804

 []

<graphics/Object/SideView.png, id=419, 963.6pt x 542.025pt>
File: graphics/Object/SideView.png Graphic file (type png)

<use graphics/Object/SideView.png>
Package pdftex.def Info: graphics/Object/SideView.png used on input line 807.
(pdftex.def)             Requested size: 311.99002pt x 175.49438pt.

Overfull \hbox (6.79001pt too wide) in paragraph at lines 807--810
[][]
 []


Underfull \hbox (badness 10000) in paragraph at lines 807--810

 []

<graphics/Object/Side2View.png, id=420, 963.6pt x 542.025pt>
File: graphics/Object/Side2View.png Graphic file (type png)

<use graphics/Object/Side2View.png>
Package pdftex.def Info: graphics/Object/Side2View.png used on input line 812.
(pdftex.def)             Requested size: 311.99002pt x 175.49438pt.

Overfull \hbox (6.79001pt too wide) in paragraph at lines 812--815
[][]
 []


Underfull \hbox (badness 10000) in paragraph at lines 812--815

 []

[37 <./graphics/Object/MainView.png> <./graphics/Object/SideView.png>]

LaTeX Warning: Marginpar on page 38 moved.

[38 <./graphics/Object/Side2View.png>]

Package caption Warning: The option `hypcap=true' will be ignored for this
(caption)                particular \caption on input line 888.
See the caption package documentation for explanation.


LaTeX Warning: Marginpar on page 39 moved.

\openout3 = `book_1_template.pyg'.

runsystem(pygmentize -l cpp -f latex -F tokenmerge             -P "verboptions=
 " -o book_1_template.out.pyg book_1_template.pyg)...executed.

(./book_1_template.out.pyg)
runsystem(rm book_1_template.out.pyg)...executed.

runsystem(rm book_1_template.pyg)...executed.



LaTeX Warning: Marginpar on page 39 moved.

[39]
\openout3 = `book_1_template.pyg'.

runsystem(pygmentize -l cpp -f latex -F tokenmerge             -P "verboptions=
 " -o book_1_template.out.pyg book_1_template.pyg)...executed.

 (./book_1_template.out.pyg)
runsystem(rm book_1_template.out.pyg)...executed.

runsystem(rm book_1_template.pyg)...executed.

\openout3 = `book_1_template.pyg'.

runsystem(pygmentize -l cpp -f latex -F tokenmerge             -P "verboptions=
 " -o book_1_template.out.pyg book_1_template.pyg)...executed.

 (./book_1_template.out.pyg [40])
runsystem(rm book_1_template.out.pyg)...executed.

runsystem(rm book_1_template.pyg)...executed.

\openout3 = `book_1_template.pyg'.

runsystem(pygmentize -l cpp -f latex -F tokenmerge             -P "verboptions=
 " -o book_1_template.out.pyg book_1_template.pyg)...executed.


(./book_1_template.out.pyg)
runsystem(rm book_1_template.out.pyg)...executed.

runsystem(rm book_1_template.pyg)...executed.

\openout3 = `book_1_template.pyg'.

runsystem(pygmentize -l cpp -f latex -F tokenmerge             -P "verboptions=
 " -o book_1_template.out.pyg book_1_template.pyg)...executed.

 (./book_1_template.out.pyg
Overfull \hbox (0.14818pt too wide) in paragraph at lines 989--1
\T1/pplj/m/n/10 (+7) Apart from the traditional imported walls, we can also gen
erate walls 
 []


LaTeX Warning: Marginpar on page 41 moved.

)
runsystem(rm book_1_template.out.pyg)...executed.

runsystem(rm book_1_template.pyg)...executed.

 [41]
\openout3 = `book_1_template.pyg'.

runsystem(pygmentize -l cpp -f latex -F tokenmerge             -P "verboptions=
 " -o book_1_template.out.pyg book_1_template.pyg)...executed.

 (./book_1_template.out.pyg)
runsystem(rm book_1_template.out.pyg)...executed.

runsystem(rm book_1_template.pyg)...executed.

\openout3 = `book_1_template.pyg'.

runsystem(pygmentize -l cpp -f latex -F tokenmerge             -P "verboptions=
 " -o book_1_template.out.pyg book_1_template.pyg)...executed.

 (./book_1_template.out.pyg)
runsystem(rm book_1_template.out.pyg)...executed.

runsystem(rm book_1_template.pyg)...executed.

\openout3 = `book_1_template.pyg'.

runsystem(pygmentize -l cpp -f latex -F tokenmerge             -P "verboptions=
 " -o book_1_template.out.pyg book_1_template.pyg)...executed.


(./book_1_template.out.pyg [42]

LaTeX Warning: Marginpar on page 43 moved.

)
runsystem(rm book_1_template.out.pyg)...executed.

runsystem(rm book_1_template.pyg)...executed.



LaTeX Warning: Marginpar on page 43 moved.


LaTeX Warning: Marginpar on page 43 moved.

\openout3 = `book_1_template.pyg'.

runsystem(pygmentize -l cpp -f latex -F tokenmerge             -P "verboptions=
 " -o book_1_template.out.pyg book_1_template.pyg)...executed.

(./book_1_template.out.pyg)
runsystem(rm book_1_template.out.pyg)...executed.

runsystem(rm book_1_template.pyg)...executed.

\openout3 = `book_1_template.pyg'.

runsystem(pygmentize -l cpp -f latex -F tokenmerge             -P "verboptions=
 " -o book_1_template.out.pyg book_1_template.pyg)...executed.

 (./book_1_template.out.pyg [43])
runsystem(rm book_1_template.out.pyg)...executed.

runsystem(rm book_1_template.pyg)...executed.

 [44]
\openout3 = `book_1_template.pyg'.

runsystem(pygmentize -l cpp -f latex -F tokenmerge             -P "verboptions=
 " -o book_1_template.out.pyg book_1_template.pyg)...executed.


(./book_1_template.out.pyg)
runsystem(rm book_1_template.out.pyg)...executed.

runsystem(rm book_1_template.pyg)...executed.

\openout3 = `book_1_template.pyg'.

runsystem(pygmentize -l bash -f latex -F tokenmerge             -P "verboptions
= " -o book_1_template.out.pyg book_1_template.pyg)...executed.

 (./book_1_template.out.pyg)
runsystem(rm book_1_template.out.pyg)...executed.

runsystem(rm book_1_template.pyg)...executed.

\openout3 = `book_1_template.pyg'.

runsystem(pygmentize -l cpp -f latex -F tokenmerge             -P "verboptions=
 " -o book_1_template.out.pyg book_1_template.pyg)...executed.


(./book_1_template.out.pyg)
runsystem(rm book_1_template.out.pyg)...executed.

runsystem(rm book_1_template.pyg)...executed.

\openout3 = `book_1_template.pyg'.

runsystem(pygmentize -l cpp -f latex -F tokenmerge             -P "verboptions=
 " -o book_1_template.out.pyg book_1_template.pyg)...executed.

 (./book_1_template.out.pyg)
runsystem(rm book_1_template.out.pyg)...executed.

runsystem(rm book_1_template.pyg)...executed.

\openout3 = `book_1_template.pyg'.

runsystem(pygmentize -l cpp -f latex -F tokenmerge             -P "verboptions=
 " -o book_1_template.out.pyg book_1_template.pyg)...executed.


(./book_1_template.out.pyg [45])
runsystem(rm book_1_template.out.pyg)...executed.

runsystem(rm book_1_template.pyg)...executed.

\openout3 = `book_1_template.pyg'.

runsystem(pygmentize -l bash -f latex -F tokenmerge             -P "verboptions
= " -o book_1_template.out.pyg book_1_template.pyg)...executed.

 (./book_1_template.out.pyg)
runsystem(rm book_1_template.out.pyg)...executed.

runsystem(rm book_1_template.pyg)...executed.

 [46]

LaTeX Warning: Marginpar on page 47 moved.


Overfull \hbox (0.10616pt too wide) in paragraph at lines 1206--1208
[][][]\T1/pplj/m/n/10 (+3) DEM Primer on Yade[][] Yade is another open source d
iscrete element 
 []

[47

]

LaTeX Warning: Marginpar on page 48 moved.


Overfull \hbox (0.11153pt too wide) in paragraph at lines 1217--1219
\T1/pplj/m/n/10 (+4) re-sults that may in-crease our un-der-stand-ing and aid u
s in de-vel-op-ing 
 []

(./book_1_template.bbl [48]

LaTeX Warning: Empty `thebibliography' environment on input line 8.

) (./book_1_template.ind [49

] [50

])
Package atveryend Info: Empty hook `BeforeClearDocument' on input line 1240.
 [51]
Package atveryend Info: Empty hook `AfterLastShipout' on input line 1240.
 (./book_1_template.aux)
Package atveryend Info: Executing hook `AtVeryEndDocument' on input line 1240.
Package atveryend Info: Executing hook `AtEndAfterFileList' on input line 1240.

Package rerunfilecheck Info: File `book_1_template.out' has not changed.
(rerunfilecheck)             Checksum: CCE3CCB4F05A74FEC234257F38C86AB7;3541.


LaTeX Warning: There were multiply-defined labels.

Package atveryend Info: Empty hook `AtVeryVeryEnd' on input line 1240.
 ) 
Here is how much of TeX's memory you used:
 18522 strings out of 495028
 271809 string characters out of 6181497
 483911 words of memory out of 5000000
 20668 multiletter control sequences out of 15000+600000
 151613 words of font info for 503 fonts, out of 8000000 for 9000
 14 hyphenation exceptions out of 8191
 61i,13n,96p,1010b,591s stack positions out of 5000i,500n,10000p,200000b,80000s
{/usr/share/texlive/texmf-dist/fonts/enc/dvips/base/8r.enc} </home/siddharth/
.texmf-var/fonts/pk/ljfour/jknappen/ec/ecit1000.600pk> </home/siddharth/.texmf-
var/fonts/pk/ljfour/jknappen/ec/ectt1000.600pk></usr/share/texlive/texmf-dist/f
onts/type1/public/amsfonts/cm/cmex10.pfb></usr/share/texlive/texmf-dist/fonts/t
ype1/public/amsfonts/cm/cmr10.pfb></usr/share/texlive/texmf-dist/fonts/type1/pu
blic/amsfonts/cm/cmsy10.pfb></usr/share/texlive/texmf-dist/fonts/type1/public/f
pl/fplbj8a.pfb></usr/share/texlive/texmf-dist/fonts/type1/public/mathpazo/fplmr
i.pfb></usr/share/texlive/texmf-dist/fonts/type1/public/fpl/fplrc8a.pfb></usr/s
hare/texlive/texmf-dist/fonts/type1/public/fpl/fplrij8a.pfb></usr/share/texlive
/texmf-dist/fonts/type1/urw/helvetic/uhvr8a.pfb></usr/share/texlive/texmf-dist/
fonts/type1/urw/helvetic/uhvro8a.pfb></usr/share/texlive/texmf-dist/fonts/type1
/urw/palatino/uplb8a.pfb></usr/share/texlive/texmf-dist/fonts/type1/urw/palatin
o/uplbi8a.pfb></usr/share/texlive/texmf-dist/fonts/type1/urw/palatino/uplr8a.pf
b></usr/share/texlive/texmf-dist/fonts/type1/urw/palatino/uplri8a.pfb>
Output written on book_1_template.pdf (51 pages, 1818006 bytes).
PDF statistics:
 740 PDF objects out of 1000 (max. 8388607)
 503 compressed objects within 6 object streams
 146 named destinations out of 1000 (max. 500000)
 110935 words of extra memory for PDF output out of 128383 (max. 10000000)

